[aquarorepair.in/index.html]
[backblue.gif]
[fade.gif]
[index.html]
[maxcdn.bootstrapcdn.com/bootstrap/4.0.0-beta/css/bootstrap.min.css]
[aquarorepair.in/images/favicon.png]
[aquarorepair.in/images/logo.png]
[aquarorepair.in/images/outlook-banner.jpg]
[aquarorepair.in/images/ro service1.jpg]
[aquarorepair.in/images/roservice2.jpg]
[aquarorepair.in/images/roservice3.jpg]
[code.jquery.com/jquery-3.2.1.slim.min.js]
[cdnjs.cloudflare.com/ajax/libs/popper.js/1.11.0/umd/popper.min.js]
[aquarorepair.in/index.html]
[maxcdn.bootstrapcdn.com/bootstrap/4.0.0-beta/css/bootstrap.min.css]
[aquarorepair.in/css/style.css]
[maxcdn.bootstrapcdn.com/bootstrap/4.0.0-beta/js/bootstrap.min.js]
[aquarorepair.in/fonts/fontawesome-webfont3e6e.eot]
[aquarorepair.in/fonts/fontawesome-webfontd41d.eot]
[aquarorepair.in/fonts/fontawesome-webfont3e6e.woff2]
[aquarorepair.in/fonts/fontawesome-webfont3e6e.woff]
[aquarorepair.in/fonts/fontawesome-webfont3e6e.ttf]
[aquarorepair.in/css/font-awesome.min.css]
[aquarorepair.in/fonts/fontawesome-webfont3e6e.svg]
